<?xml version="1.0" encoding="UTF-8"?>
<!-- Generated by org.testng.reporters.JUnitReportReporter -->
<testsuite hostname="DESKTOP-JK9M2LI" failures="0" tests="1" name="com.hrms.testscripts.TC01" time="91.985" errors="0" timestamp="17 Mar 2023 11:41:11 GMT" skipped="0">
  <testcase classname="com.hrms.testscripts.TC01" name="tc01" time="91.985"/>
</testsuite> <!-- com.hrms.testscripts.TC01 -->
